<?xml version="1.0" encoding="UTF-8"?>
<!-- Generated by org.testng.reporters.JUnitReportReporter -->
<testsuite hostname="DESKTOP-NE42HHC" name="DDT.DataDrivenForGmail" tests="3" failures="0" timestamp="18 Apr 2016 12:05:03 GMT" time="55.660" errors="0">
  <testcase name="loginToWord" time="17.514" classname="DDT.DataDrivenForGmail"/>
  <testcase name="loginToWord" time="21.251" classname="DDT.DataDrivenForGmail"/>
  <testcase name="loginToWord" time="16.895" classname="DDT.DataDrivenForGmail"/>
</testsuite> <!-- DDT.DataDrivenForGmail -->
