<?xml version="1.0" encoding="UTF-8"?>
<!-- Generated by org.testng.reporters.JUnitReportReporter -->
<testsuite hostname="DESKTOP-NE42HHC" name="com.baseLib.BasePage" tests="1" failures="0" timestamp="4 Apr 2016 09:58:26 GMT" time="9.038" errors="0">
  <testcase name="launchBrowser" time="9.038" classname="com.baseLib.BasePage"/>
</testsuite> <!-- com.baseLib.BasePage -->
